mode: set
tfd/cmd/deploy/deploy.go:18.47,32.48 6 1
tfd/cmd/deploy/deploy.go:36.3,36.50 1 1
tfd/cmd/deploy/deploy.go:40.3,40.38 1 1
tfd/cmd/deploy/deploy.go:44.3,44.17 1 1
tfd/cmd/deploy/deploy.go:32.48,34.4 1 0
tfd/cmd/deploy/deploy.go:36.50,38.4 1 0
tfd/cmd/deploy/deploy.go:40.38,42.4 1 0
tfd/cmd/deploy/deploy.go:45.15,46.9 1 1
tfd/cmd/deploy/deploy.go:47.16,48.53 1 1
tfd/cmd/deploy/deploy.go:51.4,51.9 1 1
tfd/cmd/deploy/deploy.go:52.11,54.50 2 1
tfd/cmd/deploy/deploy.go:57.4,57.9 1 1
tfd/cmd/deploy/deploy.go:48.53,50.5 1 0
tfd/cmd/deploy/deploy.go:54.50,56.5 1 0
tfd/cmd/deploy/deploy.go:62.13,75.2 12 1
tfd/cmd/deploy/deploy.go:77.30,79.2 1 1
tfd/cmd/validate/tfdoc.go:18.47,22.20 3 1
tfd/cmd/validate/tfdoc.go:22.20,25.4 2 0
tfd/cmd/validate/tfdoc.go:25.9,29.55 4 1
tfd/cmd/validate/tfdoc.go:29.55,31.5 1 1
tfd/cmd/validate/tflint.go:18.47,22.20 3 1
tfd/cmd/validate/tflint.go:22.20,25.4 2 0
tfd/cmd/validate/tflint.go:25.9,29.50 4 1
tfd/cmd/validate/tflint.go:29.50,31.5 1 1
tfd/cmd/validate/tfsec.go:18.47,22.20 3 1
tfd/cmd/validate/tfsec.go:22.20,25.4 2 0
tfd/cmd/validate/tfsec.go:25.9,29.62 4 1
tfd/cmd/validate/tfsec.go:29.62,31.5 1 1
tfd/cmd/validate/validate.go:16.47,20.20 3 0
tfd/cmd/validate/validate.go:20.20,23.4 2 0
tfd/cmd/validate/validate.go:23.9,24.54 1 0
tfd/cmd/validate/validate.go:24.54,26.5 1 0
tfd/cmd/validate/validate.go:26.10,31.5 4 0
tfd/cmd/validate/validate.go:36.13,41.2 4 1
tfd/cmd/validate/validate.go:43.30,45.2 1 1
tfd/cmd/validate/validate.go:47.35,49.2 1 1
tfd/cmd/validate/validate.go:51.35,53.2 1 1
tfd/cmd/validate/validate.go:55.36,57.2 1 1
tfd/cmd/validate/validate.go:59.35,61.2 1 1
tfd/util/exec.go:14.55,19.36 4 1
tfd/util/exec.go:28.2,35.36 7 1
tfd/util/exec.go:40.2,40.54 1 1
tfd/util/exec.go:52.2,52.21 1 1
tfd/util/exec.go:55.2,55.19 1 1
tfd/util/exec.go:19.36,24.3 4 1
tfd/util/exec.go:24.8,27.3 2 1
tfd/util/exec.go:35.36,38.3 2 1
tfd/util/exec.go:40.54,41.47 1 1
tfd/util/exec.go:41.47,43.60 1 1
tfd/util/exec.go:43.60,46.5 2 1
tfd/util/exec.go:47.9,50.4 2 0
tfd/util/exec.go:52.21,54.3 1 1
tfd/util/exec.go:58.81,60.68 2 1
tfd/util/exec.go:65.2,67.40 3 1
tfd/util/exec.go:76.2,79.42 4 1
tfd/util/exec.go:82.2,83.20 2 1
tfd/util/exec.go:60.68,64.3 3 1
tfd/util/exec.go:67.40,72.3 4 1
tfd/util/exec.go:72.8,75.3 2 1
tfd/util/exec.go:79.42,81.3 1 0
tfd/util/exec.go:86.78,89.45 3 1
tfd/util/exec.go:92.2,92.17 1 1
tfd/util/exec.go:89.45,91.3 1 1
tfd/util/exec.go:95.101,98.45 3 1
tfd/util/exec.go:111.2,111.17 1 1
tfd/util/exec.go:98.45,100.51 2 1
tfd/util/exec.go:100.51,104.58 4 1
tfd/util/exec.go:104.58,106.5 1 1
tfd/util/exec.go:107.9,109.4 1 0
tfd/util/os.go:11.53,16.2 4 1
tfd/util/os.go:18.68,23.2 4 1
tfd/util/os.go:25.45,29.56 3 1
tfd/util/os.go:39.2,39.16 1 1
tfd/util/os.go:42.2,43.17 2 1
tfd/util/os.go:29.56,30.18 1 1
tfd/util/os.go:34.4,34.20 1 1
tfd/util/os.go:37.4,37.14 1 1
tfd/util/os.go:30.18,33.5 2 0
tfd/util/os.go:34.20,36.5 1 1
tfd/util/os.go:39.16,41.3 1 0
tfd/util/terraform/actions.go:14.28,18.2 2 1
tfd/util/terraform/actions.go:20.46,29.59 4 1
tfd/util/terraform/actions.go:41.2,41.17 1 1
tfd/util/terraform/actions.go:29.59,30.20 1 1
tfd/util/terraform/actions.go:33.3,34.106 2 1
tfd/util/terraform/actions.go:30.20,32.4 1 0
tfd/util/terraform/actions.go:34.106,37.4 2 0
tfd/util/terraform/actions.go:37.9,39.4 1 1
tfd/util/terraform/actions.go:44.47,54.18 5 1
tfd/util/terraform/actions.go:58.2,58.59 1 1
tfd/util/terraform/actions.go:71.2,71.20 1 1
tfd/util/terraform/actions.go:54.18,56.3 1 0
tfd/util/terraform/actions.go:58.59,59.20 1 1
tfd/util/terraform/actions.go:62.3,62.22 1 1
tfd/util/terraform/actions.go:59.20,61.4 1 0
tfd/util/terraform/actions.go:62.22,65.4 2 0
tfd/util/terraform/actions.go:65.9,68.4 2 1
tfd/util/terraform/actions.go:74.45,76.33 2 1
tfd/util/terraform/actions.go:91.2,91.15 1 1
tfd/util/terraform/actions.go:76.33,78.64 2 1
tfd/util/terraform/actions.go:78.64,81.28 3 0
tfd/util/terraform/actions.go:81.28,83.5 1 0
tfd/util/terraform/actions.go:83.10,85.5 1 0
tfd/util/terraform/actions.go:86.9,89.4 2 1
tfd/util/terraform/actions.go:94.46,100.60 6 1
tfd/util/terraform/actions.go:103.2,104.16 2 1
tfd/util/terraform/actions.go:100.60,102.3 1 1
tfd/util/terraform/actions.go:107.53,113.28 3 1
tfd/util/terraform/actions.go:121.2,121.25 1 1
tfd/util/terraform/actions.go:113.28,117.3 3 1
tfd/util/terraform/actions.go:117.8,120.3 2 1
tfd/util/string.go:10.47,11.22 1 1
tfd/util/string.go:16.2,16.14 1 1
tfd/util/string.go:11.22,12.13 1 1
tfd/util/string.go:12.13,14.4 1 1
tfd/util/string.go:19.38,20.26 1 1
tfd/util/string.go:25.2,25.13 1 1
tfd/util/string.go:20.26,21.17 1 1
tfd/util/string.go:21.17,23.4 1 1
tfd/util/string.go:28.58,29.31 1 1
tfd/util/string.go:37.2,38.14 2 1
tfd/util/string.go:29.31,32.14 3 1
tfd/util/string.go:32.14,35.4 2 1
tfd/cmd/validate/tffmt.go:18.47,22.20 3 1
tfd/cmd/validate/tffmt.go:22.20,25.4 2 0
tfd/cmd/validate/tffmt.go:25.9,29.38 4 1
tfd/cmd/validate/tffmt.go:29.38,31.5 1 1
tfd/cmd/root.go:16.32,19.26 3 1
tfd/cmd/root.go:29.2,29.30 1 1
tfd/cmd/root.go:20.15,21.34 1 1
tfd/cmd/root.go:22.15,23.34 1 0
tfd/cmd/root.go:24.14,25.33 1 0
tfd/cmd/root.go:26.10,27.33 1 0
tfd/cmd/root.go:40.16,42.42 1 0
tfd/cmd/root.go:42.42,44.3 1 0
tfd/cmd/root.go:47.13,55.2 6 1
tfd/cmd/root.go:57.19,58.19 1 1
tfd/cmd/root.go:70.2,74.45 5 1
tfd/cmd/root.go:77.2,79.54 3 1
tfd/cmd/root.go:58.19,60.3 1 0
tfd/cmd/root.go:60.8,62.17 2 1
tfd/cmd/root.go:66.3,67.30 2 1
tfd/cmd/root.go:62.17,64.4 1 0
tfd/cmd/root.go:74.45,76.3 1 1
